<?xml version="1.0" encoding="UTF-8"?>
<testng-results ignored="0" total="1" passed="1" failed="0" skipped="0">
  <reporter-output>
  </reporter-output>
  <suite started-at="2026-06-25T17:18:08 IST" name="Suite" finished-at="2026-06-25T17:18:28 IST" duration-ms="19791">
    <groups>
    </groups>
    <test started-at="2026-06-25T17:18:08 IST" name="Login" finished-at="2026-06-25T17:18:28 IST" duration-ms="19791">
      <class name="com.erp.testcases.TC1_LoginTestCase">
        <test-method is-config="true" signature="setUp(java.lang.String)[pri:0, instance:com.erp.testcases.TC1_LoginTestCase@fd8294b]" started-at="2026-06-25T17:18:09 IST" name="setUp" finished-at="2026-06-25T17:18:20 IST" duration-ms="11472" status="PASS">
          <params>
            <param index="0">
              <value>
                <![CDATA[chrome]]>
              </value>
            </param>
          </params>
          <reporter-output>
          </reporter-output>
        </test-method> <!-- setUp -->
        <test-method signature="loginTest()[pri:0, instance:com.erp.testcases.TC1_LoginTestCase@fd8294b]" started-at="2026-06-25T17:18:20 IST" name="loginTest" finished-at="2026-06-25T17:18:28 IST" duration-ms="7642" status="PASS">
          <reporter-output>
          </reporter-output>
        </test-method> <!-- loginTest -->
        <test-method is-config="true" signature="tearDown()[pri:0, instance:com.erp.testcases.TC1_LoginTestCase@fd8294b]" started-at="2026-06-25T17:18:28 IST" name="tearDown" finished-at="2026-06-25T17:18:28 IST" duration-ms="344" status="PASS">
          <reporter-output>
          </reporter-output>
        </test-method> <!-- tearDown -->
      </class> <!-- com.erp.testcases.TC1_LoginTestCase -->
    </test> <!-- Login -->
  </suite> <!-- Suite -->
</testng-results>
