<?xml version="1.0" encoding="UTF-8"?>
<testsuite xmlns:xsi="http://www.w3.org/2001/XMLSchema-instance" xsi:noNamespaceSchemaLocation="https://maven.apache.org/surefire/maven-surefire-plugin/xsd/surefire-test-report-3.0.xsd" version="3.0" name="TestSuite" time="32.988" tests="1" errors="0" skipped="0" failures="0">
  <properties>
[...]
</properties>
  <testcase name="loginTest" classname="com.erp.testcases.TC1_LoginTestCase" time="6.189">
    <system-out><![CDATA[2026-06-29 15:28:06,012 [main] INFO  com.erp.baseclass.BaseClass - Application URL Opened:http://113.193.239.230/upfclkonewui/
Actual Title:-  [Forest Corporation]
2026-06-29 15:28:13,357 [main] INFO  com.erp.baseclass.BaseClass - Login Test Passed
]]></system-out>
    <system-err><![CDATA[Jun 29, 2026 3:27:53 PM org.openqa.selenium.devtools.CdpVersionFinder findNearestMatch
WARNING: Unable to find CDP implementation matching 149
Jun 29, 2026 3:27:53 PM org.openqa.selenium.chromium.ChromiumDriver lambda$new$5
WARNING: Unable to find version of CDP to use for 149.0.7827.103. You may need to include a dependency on a specific version of the CDP using something similar to `org.seleniumhq.selenium:selenium-devtools-v86:4.21.0` where the version ("v86") matches the version of the chromium-based browser you're using and the version number of the artifact is the same as Selenium's.
]]></system-err>
  </testcase>
</testsuite>